<?xml version="1.0" encoding="UTF-8"?>
<testsuite name="com.solodev.codingchallenge.BookmarkViewModelTest" tests="1" skipped="0" failures="0" errors="0" timestamp="2024-09-19T10:42:31" hostname="RENZO-2022" time="1.579">
  <properties/>
  <testcase name="getMovies should update state with reversed movies" classname="com.solodev.codingchallenge.BookmarkViewModelTest" time="1.579"/>
  <system-out><![CDATA[]]></system-out>
  <system-err><![CDATA[]]></system-err>
</testsuite>
