<?xml version="1.0" encoding="UTF-8"?>
<testsuite name="com.solodev.codingchallenge.HomeViewModelTest" tests="1" skipped="0" failures="0" errors="0" timestamp="2024-09-19T10:42:33" hostname="RENZO-2022" time="0.051">
  <properties/>
  <testcase name="getMovies should emit paging data with movies" classname="com.solodev.codingchallenge.HomeViewModelTest" time="0.051"/>
  <system-out><![CDATA[]]></system-out>
  <system-err><![CDATA[]]></system-err>
</testsuite>
