<?xml version="1.0" encoding="UTF-8"?>
<testsuite name="com.solodev.codingchallenge.SearchViewModelTest" tests="2" skipped="0" failures="0" errors="0" timestamp="2024-09-19T10:42:33" hostname="RENZO-2022" time="0.027">
  <properties/>
  <testcase name="should update movies on search" classname="com.solodev.codingchallenge.SearchViewModelTest" time="0.023"/>
  <testcase name="should update search query correctly" classname="com.solodev.codingchallenge.SearchViewModelTest" time="0.004"/>
  <system-out><![CDATA[]]></system-out>
  <system-err><![CDATA[]]></system-err>
</testsuite>
