<?xml version="1.0" encoding="UTF-8"?>
<testsuite name="com.solodev.codingchallenge.SearchViewModelTest" tests="2" skipped="0" failures="0" errors="0" timestamp="2024-09-19T10:45:32" hostname="RENZO-2022" time="1.325">
  <properties/>
  <testcase name="should update movies on search" classname="com.solodev.codingchallenge.SearchViewModelTest" time="1.322"/>
  <testcase name="should update search query correctly" classname="com.solodev.codingchallenge.SearchViewModelTest" time="0.003"/>
  <system-out><![CDATA[]]></system-out>
  <system-err><![CDATA[]]></system-err>
</testsuite>
